TN:
SF:lib\DataStore.ts
FN:5,DataStore
FN:9,subscribe
FN:13,execute
FN:28,get
FNF:4
FNH:4
FNDA:1,DataStore
FNDA:1,subscribe
FNDA:4,execute
FNDA:2,get
DA:1,1
DA:2,1
DA:3,1
DA:4,1
DA:5,1
DA:6,1
DA:7,1
DA:8,1
DA:9,1
DA:10,1
DA:11,1
DA:12,1
DA:13,1
DA:14,4
DA:15,4
DA:16,3
DA:17,3
DA:18,4
DA:19,0
DA:20,4
DA:21,1
DA:22,3
DA:23,3
DA:24,3
DA:25,3
DA:26,3
DA:27,1
DA:28,1
DA:29,2
DA:30,2
DA:31,1
DA:32,1
DA:33,1
LF:33
LH:32
BRDA:5,0,0,1
BRDA:9,1,0,1
BRDA:13,2,0,4
BRDA:15,3,0,3
BRDA:18,4,0,0
BRDA:20,5,0,1
BRDA:22,6,0,3
BRDA:28,7,0,2
BRF:8
BRH:7
end_of_record
TN:
SF:lib\DataStoreBase.ts
FN:10,<instance_members_initializer>
FN:15,set
FN:21,_get
FN:25,insert
FN:34,delete
FN:38,RecursiveInsertAtIndex
FNF:6
FNH:5
FNDA:1,<instance_members_initializer>
FNDA:3,set
FNDA:8,_get
FNDA:3,insert
FNDA:0,delete
FNDA:3,RecursiveInsertAtIndex
DA:1,1
DA:2,1
DA:3,1
DA:4,1
DA:5,1
DA:6,1
DA:7,1
DA:8,1
DA:9,1
DA:10,1
DA:11,1
DA:12,1
DA:13,1
DA:14,1
DA:15,1
DA:16,3
DA:17,3
DA:18,3
DA:19,3
DA:20,1
DA:21,1
DA:22,8
DA:23,8
DA:24,1
DA:25,1
DA:26,3
DA:27,3
DA:28,3
DA:29,3
DA:30,3
DA:31,3
DA:32,3
DA:33,1
DA:34,1
DA:35,0
DA:36,0
DA:37,1
DA:38,1
DA:39,3
DA:40,3
DA:41,3
DA:42,3
DA:43,3
DA:44,1
DA:45,1
DA:46,1
LF:46
LH:44
BRDA:10,0,0,1
BRDA:15,1,0,3
BRDA:21,2,0,8
BRDA:25,3,0,3
BRDA:38,4,0,3
BRF:5
BRH:5
end_of_record
TN:
SF:lib\types.ts
FNF:0
FNH:0
DA:1,1
DA:2,1
DA:3,1
DA:4,1
DA:5,1
DA:6,1
DA:7,1
DA:8,1
DA:9,1
DA:10,1
DA:11,1
DA:12,1
DA:13,1
DA:14,1
DA:15,1
DA:16,1
DA:17,1
DA:18,1
DA:19,1
DA:20,1
DA:21,1
DA:22,1
DA:23,1
DA:24,1
DA:25,1
DA:26,1
DA:27,1
LF:27
LH:27
BRDA:8,0,0,1
BRF:1
BRH:1
end_of_record
TN:
SF:spec\test-data.ts
FNF:0
FNH:0
DA:1,1
DA:2,1
DA:3,1
DA:4,1
DA:5,1
DA:6,1
DA:7,1
DA:8,1
DA:9,1
DA:10,1
DA:11,1
DA:12,1
DA:13,1
DA:14,1
DA:15,1
DA:16,1
DA:17,1
DA:18,1
DA:19,1
DA:20,1
DA:21,1
DA:22,1
DA:23,1
DA:24,1
DA:25,1
DA:26,1
DA:27,1
DA:28,1
DA:29,1
DA:30,1
DA:31,1
DA:32,1
DA:33,1
LF:33
LH:33
BRF:0
BRH:0
end_of_record
